<?xml version="1.0" encoding="UTF-8"?>
<testng-results skipped="1" failed="0" total="13" passed="12">
  <reporter-output>
    <line>
      <![CDATA[Chrome Opened]]>
    </line>
    <line>
      <![CDATA[https://www.makemytrip.com/ Opened]]>
    </line>
    <line>
      <![CDATA[validating Page title...]]>
    </line>
    <line>
      <![CDATA[Clicked on Menu Flights]]>
    </line>
    <line>
      <![CDATA[Select on Stopway filter two]]>
    </line>
    <line>
      <![CDATA[Enter Depature City Delhi]]>
    </line>
    <line>
      <![CDATA[waiting to populate Auto Suggestion after entering City..]]>
    </line>
    <line>
      <![CDATA[selected city...]]>
    </line>
    <line>
      <![CDATA[Enter Arrival City Bangalore]]>
    </line>
    <line>
      <![CDATA[waiting to populate Auto Suggestion after entering City..]]>
    </line>
    <line>
      <![CDATA[selected city...]]>
    </line>
    <line>
      <![CDATA[Clicking on date 28/April/2019]]>
    </line>
    <line>
      <![CDATA[Clicking on date 5/May/2019]]>
    </line>
    <line>
      <![CDATA[Clicked on Search button after entering all details]]>
    </line>
    <line>
      <![CDATA[*********** No of flights after without any filters***************]]>
    </line>
    <line>
      <![CDATA[Scrolling down to load complete Page content..]]>
    </line>
    <line>
      <![CDATA[Total number of departure flights 17]]>
    </line>
    <line>
      <![CDATA[Total number of departure flights 71]]>
    </line>
    <line>
      <![CDATA[***********No of flights after NonStop filter applied***************]]>
    </line>
    <line>
      <![CDATA[Scrolling up to view element from start..]]>
    </line>
    <line>
      <![CDATA[Clearing applied filters..]]>
    </line>
    <line>
      <![CDATA[Clicked on filter non stops]]>
    </line>
    <line>
      <![CDATA[Scrolling down to load complete Page content..]]>
    </line>
    <line>
      <![CDATA[Total number of departure flights 10]]>
    </line>
    <line>
      <![CDATA[Total number of departure flights 35]]>
    </line>
    <line>
      <![CDATA[***********No of flights after One STOP filter applied****************]]>
    </line>
    <line>
      <![CDATA[Scrolling up to view element from start..]]>
    </line>
    <line>
      <![CDATA[Clearing applied filters..]]>
    </line>
    <line>
      <![CDATA[Clicked on filter one stop]]>
    </line>
    <line>
      <![CDATA[Scrolling down to load complete Page content..]]>
    </line>
    <line>
      <![CDATA[Total number of departure flights 7]]>
    </line>
    <line>
      <![CDATA[Total number of departure flights 33]]>
    </line>
    <line>
      <![CDATA[Scrolling up to view element from start..]]>
    </line>
    <line>
      <![CDATA[Clearing applied filters..]]>
    </line>
    <line>
      <![CDATA[Scrolling down to load complete Page content..]]>
    </line>
    <line>
      <![CDATA[Scrolling up to view element from start..]]>
    </line>
    <line>
      <![CDATA[Clicked on Flight number 10]]>
    </line>
    <line>
      <![CDATA[Clicked on Flight number 1]]>
    </line>
    <line>
      <![CDATA[Selected Arrival flight Name: AirAsia |I5 - 2878]]>
    </line>
    <line>
      <![CDATA[Selected Arrival flight Name: Rs 6,820]]>
    </line>
    <line>
      <![CDATA[Selected Arrival flight Name: Vistara |UK - 819]]>
    </line>
    <line>
      <![CDATA[Selected Arrival flight Name: Rs 19,970]]>
    </line>
    <line>
      <![CDATA[Clicked on Flight number 3]]>
    </line>
    <line>
      <![CDATA[Clicked on Flight number 4]]>
    </line>
    <line>
      <![CDATA[Selected Arrival flight Name: IndiGo |6E - 2135]]>
    </line>
    <line>
      <![CDATA[Selected Arrival flight Name: Rs 6,841]]>
    </line>
    <line>
      <![CDATA[Selected Arrival flight Name: Air India |AI - 48Air India |AI - 588]]>
    </line>
    <line>
      <![CDATA[Selected Arrival flight Name: Rs 14,541]]>
    </line>
    <line>
      <![CDATA[Clicked on Flight number 5]]>
    </line>
    <line>
      <![CDATA[Clicked on Flight number 6]]>
    </line>
    <line>
      <![CDATA[Selected Arrival flight Name: IndiGo |6E - 2289]]>
    </line>
    <line>
      <![CDATA[Selected Arrival flight Name: Rs 6,841]]>
    </line>
    <line>
      <![CDATA[Selected Arrival flight Name: Go Air |G8 - 171Go Air |G8 - 284]]>
    </line>
    <line>
      <![CDATA[Selected Arrival flight Name: Rs 15,336]]>
    </line>
    <line>
      <![CDATA[Clicked on Flight number 8]]>
    </line>
    <line>
      <![CDATA[Clicked on Flight number 3]]>
    </line>
    <line>
      <![CDATA[Selected Arrival flight Name: IndiGo |6E - 2625]]>
    </line>
    <line>
      <![CDATA[Selected Arrival flight Name: Rs 6,841]]>
    </line>
    <line>
      <![CDATA[Selected Arrival flight Name: AirAsia |I5 - 721]]>
    </line>
    <line>
      <![CDATA[Selected Arrival flight Name: Rs 19,448]]>
    </line>
    <line>
      <![CDATA[Clicked on Flight number 1]]>
    </line>
    <line>
      <![CDATA[Clicked on Flight number 9]]>
    </line>
    <line>
      <![CDATA[Selected Arrival flight Name: IndiGo |6E - 2367]]>
    </line>
    <line>
      <![CDATA[Selected Arrival flight Name: Rs 7,102]]>
    </line>
    <line>
      <![CDATA[Selected Arrival flight Name: Go Air |G8 - 640Go Air |G8 - 325]]>
    </line>
    <line>
      <![CDATA[Selected Arrival flight Name: Rs 13,374]]>
    </line>
    <line>
      <![CDATA[Clicked on Flight number 5]]>
    </line>
    <line>
      <![CDATA[Clicked on Flight number 3]]>
    </line>
    <line>
      <![CDATA[Selected Arrival flight Name: IndiGo |6E - 2625]]>
    </line>
    <line>
      <![CDATA[Selected Arrival flight Name: Rs 6,841]]>
    </line>
    <line>
      <![CDATA[Selected Arrival flight Name: Go Air |G8 - 171Go Air |G8 - 284]]>
    </line>
    <line>
      <![CDATA[Selected Arrival flight Name: Rs 15,336]]>
    </line>
    <line>
      <![CDATA[Clicked on Flight number 2]]>
    </line>
    <line>
      <![CDATA[Clicked on Flight number 3]]>
    </line>
    <line>
      <![CDATA[Selected Arrival flight Name: IndiGo |6E - 2625]]>
    </line>
    <line>
      <![CDATA[Selected Arrival flight Name: Rs 6,841]]>
    </line>
    <line>
      <![CDATA[Selected Arrival flight Name: IndiGo |6E - 197IndiGo |6E - 565]]>
    </line>
    <line>
      <![CDATA[Selected Arrival flight Name: Rs 14,214]]>
    </line>
  </reporter-output>
  <suite name="Suite" duration-ms="169993" started-at="2019-04-28T09:19:03Z" finished-at="2019-04-28T09:21:53Z">
    <groups>
    </groups>
    <test name="NaveenAutomation_24thApril" duration-ms="169993" started-at="2019-04-28T09:19:03Z" finished-at="2019-04-28T09:21:53Z">
      <class name="com.mmt.TestCases.MMT_HomePageTests">
        <test-method status="PASS" signature="Setup()[pri:0, instance:com.mmt.TestCases.MMT_HomePageTests@319b92f3]" name="Setup" is-config="true" duration-ms="9893" started-at="2019-04-28T14:49:03Z" finished-at="2019-04-28T14:49:12Z">
          <reporter-output>
            <line>
              <![CDATA[Chrome Opened]]>
            </line>
            <line>
              <![CDATA[https://www.makemytrip.com/ Opened]]>
            </line>
          </reporter-output>
        </test-method> <!-- Setup -->
        <test-method status="PASS" signature="init()[pri:0, instance:com.mmt.TestCases.MMT_HomePageTests@319b92f3]" name="init" is-config="true" duration-ms="28" started-at="2019-04-28T14:49:12Z" finished-at="2019-04-28T14:49:12Z">
          <reporter-output>
          </reporter-output>
        </test-method> <!-- init -->
        <test-method status="PASS" signature="ValidateHomePage()[pri:0, instance:com.mmt.TestCases.MMT_HomePageTests@319b92f3]" name="ValidateHomePage" duration-ms="21" started-at="2019-04-28T14:49:12Z" finished-at="2019-04-28T14:49:12Z">
          <reporter-output>
            <line>
              <![CDATA[validating Page title...]]>
            </line>
          </reporter-output>
        </test-method> <!-- ValidateHomePage -->
        <test-method status="PASS" signature="SearchFlight()[pri:0, instance:com.mmt.TestCases.MMT_HomePageTests@319b92f3]" name="SearchFlight" duration-ms="9448" started-at="2019-04-28T14:49:12Z" finished-at="2019-04-28T14:49:22Z">
          <reporter-output>
            <line>
              <![CDATA[Clicked on Menu Flights]]>
            </line>
            <line>
              <![CDATA[Select on Stopway filter two]]>
            </line>
            <line>
              <![CDATA[Enter Depature City Delhi]]>
            </line>
            <line>
              <![CDATA[waiting to populate Auto Suggestion after entering City..]]>
            </line>
            <line>
              <![CDATA[selected city...]]>
            </line>
            <line>
              <![CDATA[Enter Arrival City Bangalore]]>
            </line>
            <line>
              <![CDATA[waiting to populate Auto Suggestion after entering City..]]>
            </line>
            <line>
              <![CDATA[selected city...]]>
            </line>
            <line>
              <![CDATA[Clicking on date 28/April/2019]]>
            </line>
            <line>
              <![CDATA[Clicking on date 5/May/2019]]>
            </line>
          </reporter-output>
        </test-method> <!-- SearchFlight -->
        <test-method status="PASS" signature="TearDown()[pri:0, instance:com.mmt.TestCases.MMT_HomePageTests@319b92f3]" name="TearDown" is-config="true" duration-ms="306" started-at="2019-04-28T14:51:52Z" finished-at="2019-04-28T14:51:53Z">
          <reporter-output>
          </reporter-output>
        </test-method> <!-- TearDown -->
      </class> <!-- com.mmt.TestCases.MMT_HomePageTests -->
      <class name="com.mmt.TestCases.MMT_FlightResultTest">
        <test-method status="PASS" signature="init()[pri:0, instance:com.mmt.TestCases.MMT_FlightResultTest@5123a213]" name="init" is-config="true" duration-ms="3601" started-at="2019-04-28T14:49:22Z" finished-at="2019-04-28T14:49:26Z">
          <reporter-output>
            <line>
              <![CDATA[Clicked on Search button after entering all details]]>
            </line>
          </reporter-output>
        </test-method> <!-- init -->
        <test-method status="PASS" signature="ValidateNumberOfFlighstWithoutFilters()[pri:0, instance:com.mmt.TestCases.MMT_FlightResultTest@5123a213]" name="ValidateNumberOfFlighstWithoutFilters" duration-ms="11279" started-at="2019-04-28T14:49:26Z" depends-on-methods="com.mmt.TestCases.MMT_HomePageTests.SearchFlight" finished-at="2019-04-28T14:49:37Z">
          <reporter-output>
            <line>
              <![CDATA[*********** No of flights after without any filters***************]]>
            </line>
            <line>
              <![CDATA[Scrolling down to load complete Page content..]]>
            </line>
            <line>
              <![CDATA[Total number of departure flights 17]]>
            </line>
            <line>
              <![CDATA[Total number of departure flights 71]]>
            </line>
          </reporter-output>
        </test-method> <!-- ValidateNumberOfFlighstWithoutFilters -->
        <test-method status="PASS" signature="ValidateNumberOfFlightWith_NonStop()[pri:0, instance:com.mmt.TestCases.MMT_FlightResultTest@5123a213]" name="ValidateNumberOfFlightWith_NonStop" duration-ms="20686" started-at="2019-04-28T14:49:37Z" depends-on-methods="com.mmt.TestCases.MMT_HomePageTests.SearchFlight" finished-at="2019-04-28T14:49:58Z">
          <reporter-output>
            <line>
              <![CDATA[***********No of flights after NonStop filter applied***************]]>
            </line>
            <line>
              <![CDATA[Scrolling up to view element from start..]]>
            </line>
            <line>
              <![CDATA[Clearing applied filters..]]>
            </line>
            <line>
              <![CDATA[Clicked on filter non stops]]>
            </line>
            <line>
              <![CDATA[Scrolling down to load complete Page content..]]>
            </line>
            <line>
              <![CDATA[Total number of departure flights 10]]>
            </line>
            <line>
              <![CDATA[Total number of departure flights 35]]>
            </line>
          </reporter-output>
        </test-method> <!-- ValidateNumberOfFlightWith_NonStop -->
        <test-method status="PASS" signature="ValidateNumberOfFlightWith_OneStop()[pri:0, instance:com.mmt.TestCases.MMT_FlightResultTest@5123a213]" name="ValidateNumberOfFlightWith_OneStop" duration-ms="51454" started-at="2019-04-28T14:49:58Z" depends-on-methods="com.mmt.TestCases.MMT_HomePageTests.SearchFlight" finished-at="2019-04-28T14:50:49Z">
          <reporter-output>
            <line>
              <![CDATA[***********No of flights after One STOP filter applied****************]]>
            </line>
            <line>
              <![CDATA[Scrolling up to view element from start..]]>
            </line>
            <line>
              <![CDATA[Clearing applied filters..]]>
            </line>
            <line>
              <![CDATA[Clicked on filter one stop]]>
            </line>
            <line>
              <![CDATA[Scrolling down to load complete Page content..]]>
            </line>
            <line>
              <![CDATA[Total number of departure flights 7]]>
            </line>
            <line>
              <![CDATA[Total number of departure flights 33]]>
            </line>
            <line>
              <![CDATA[Scrolling up to view element from start..]]>
            </line>
            <line>
              <![CDATA[Clearing applied filters..]]>
            </line>
            <line>
              <![CDATA[Scrolling down to load complete Page content..]]>
            </line>
            <line>
              <![CDATA[Scrolling up to view element from start..]]>
            </line>
          </reporter-output>
        </test-method> <!-- ValidateNumberOfFlightWith_OneStop -->
        <test-method status="PASS" signature="SelectFlightAndValidateTotal(int, int)[pri:0, instance:com.mmt.TestCases.MMT_FlightResultTest@5123a213]" name="SelectFlightAndValidateTotal" duration-ms="10526" started-at="2019-04-28T14:50:49Z" data-provider="getdata" depends-on-methods="com.mmt.TestCases.MMT_FlightResultTest.ValidateNumberOfFlighstWithoutFilters" finished-at="2019-04-28T14:50:59Z">
          <params>
            <param index="0">
              <value>
                <![CDATA[10]]>
              </value>
            </param>
            <param index="1">
              <value>
                <![CDATA[1]]>
              </value>
            </param>
          </params>
          <reporter-output>
            <line>
              <![CDATA[Clicked on Flight number 10]]>
            </line>
            <line>
              <![CDATA[Clicked on Flight number 1]]>
            </line>
            <line>
              <![CDATA[Selected Arrival flight Name: AirAsia |I5 - 2878]]>
            </line>
            <line>
              <![CDATA[Selected Arrival flight Name: Rs 6,820]]>
            </line>
            <line>
              <![CDATA[Selected Arrival flight Name: Vistara |UK - 819]]>
            </line>
            <line>
              <![CDATA[Selected Arrival flight Name: Rs 19,970]]>
            </line>
          </reporter-output>
        </test-method> <!-- SelectFlightAndValidateTotal -->
        <test-method status="PASS" signature="SelectFlightAndValidateTotal(int, int)[pri:0, instance:com.mmt.TestCases.MMT_FlightResultTest@5123a213]" name="SelectFlightAndValidateTotal" duration-ms="10420" started-at="2019-04-28T14:50:59Z" data-provider="getdata" depends-on-methods="com.mmt.TestCases.MMT_FlightResultTest.ValidateNumberOfFlighstWithoutFilters" finished-at="2019-04-28T14:51:10Z">
          <params>
            <param index="0">
              <value>
                <![CDATA[3]]>
              </value>
            </param>
            <param index="1">
              <value>
                <![CDATA[4]]>
              </value>
            </param>
          </params>
          <reporter-output>
            <line>
              <![CDATA[Clicked on Flight number 3]]>
            </line>
            <line>
              <![CDATA[Clicked on Flight number 4]]>
            </line>
            <line>
              <![CDATA[Selected Arrival flight Name: IndiGo |6E - 2135]]>
            </line>
            <line>
              <![CDATA[Selected Arrival flight Name: Rs 6,841]]>
            </line>
            <line>
              <![CDATA[Selected Arrival flight Name: Air India |AI - 48Air India |AI - 588]]>
            </line>
            <line>
              <![CDATA[Selected Arrival flight Name: Rs 14,541]]>
            </line>
          </reporter-output>
        </test-method> <!-- SelectFlightAndValidateTotal -->
        <test-method status="PASS" signature="SelectFlightAndValidateTotal(int, int)[pri:0, instance:com.mmt.TestCases.MMT_FlightResultTest@5123a213]" name="SelectFlightAndValidateTotal" duration-ms="10455" started-at="2019-04-28T14:51:10Z" data-provider="getdata" depends-on-methods="com.mmt.TestCases.MMT_FlightResultTest.ValidateNumberOfFlighstWithoutFilters" finished-at="2019-04-28T14:51:20Z">
          <params>
            <param index="0">
              <value>
                <![CDATA[5]]>
              </value>
            </param>
            <param index="1">
              <value>
                <![CDATA[6]]>
              </value>
            </param>
          </params>
          <reporter-output>
            <line>
              <![CDATA[Clicked on Flight number 5]]>
            </line>
            <line>
              <![CDATA[Clicked on Flight number 6]]>
            </line>
            <line>
              <![CDATA[Selected Arrival flight Name: IndiGo |6E - 2289]]>
            </line>
            <line>
              <![CDATA[Selected Arrival flight Name: Rs 6,841]]>
            </line>
            <line>
              <![CDATA[Selected Arrival flight Name: Go Air |G8 - 171Go Air |G8 - 284]]>
            </line>
            <line>
              <![CDATA[Selected Arrival flight Name: Rs 15,336]]>
            </line>
          </reporter-output>
        </test-method> <!-- SelectFlightAndValidateTotal -->
        <test-method status="PASS" signature="SelectFlightAndValidateTotal(int, int)[pri:0, instance:com.mmt.TestCases.MMT_FlightResultTest@5123a213]" name="SelectFlightAndValidateTotal" duration-ms="10466" started-at="2019-04-28T14:51:20Z" data-provider="getdata" depends-on-methods="com.mmt.TestCases.MMT_FlightResultTest.ValidateNumberOfFlighstWithoutFilters" finished-at="2019-04-28T14:51:31Z">
          <params>
            <param index="0">
              <value>
                <![CDATA[8]]>
              </value>
            </param>
            <param index="1">
              <value>
                <![CDATA[3]]>
              </value>
            </param>
          </params>
          <reporter-output>
            <line>
              <![CDATA[Clicked on Flight number 8]]>
            </line>
            <line>
              <![CDATA[Clicked on Flight number 3]]>
            </line>
            <line>
              <![CDATA[Selected Arrival flight Name: IndiGo |6E - 2625]]>
            </line>
            <line>
              <![CDATA[Selected Arrival flight Name: Rs 6,841]]>
            </line>
            <line>
              <![CDATA[Selected Arrival flight Name: AirAsia |I5 - 721]]>
            </line>
            <line>
              <![CDATA[Selected Arrival flight Name: Rs 19,448]]>
            </line>
          </reporter-output>
        </test-method> <!-- SelectFlightAndValidateTotal -->
        <test-method status="PASS" signature="SelectFlightAndValidateTotal(int, int)[pri:0, instance:com.mmt.TestCases.MMT_FlightResultTest@5123a213]" name="SelectFlightAndValidateTotal" duration-ms="10485" started-at="2019-04-28T14:51:31Z" data-provider="getdata" depends-on-methods="com.mmt.TestCases.MMT_FlightResultTest.ValidateNumberOfFlighstWithoutFilters" finished-at="2019-04-28T14:51:41Z">
          <params>
            <param index="0">
              <value>
                <![CDATA[1]]>
              </value>
            </param>
            <param index="1">
              <value>
                <![CDATA[9]]>
              </value>
            </param>
          </params>
          <reporter-output>
            <line>
              <![CDATA[Clicked on Flight number 1]]>
            </line>
            <line>
              <![CDATA[Clicked on Flight number 9]]>
            </line>
            <line>
              <![CDATA[Selected Arrival flight Name: IndiGo |6E - 2367]]>
            </line>
            <line>
              <![CDATA[Selected Arrival flight Name: Rs 7,102]]>
            </line>
            <line>
              <![CDATA[Selected Arrival flight Name: Go Air |G8 - 640Go Air |G8 - 325]]>
            </line>
            <line>
              <![CDATA[Selected Arrival flight Name: Rs 13,374]]>
            </line>
          </reporter-output>
        </test-method> <!-- SelectFlightAndValidateTotal -->
        <test-method status="PASS" signature="SelectFlightAndValidateTotal(int, int)[pri:0, instance:com.mmt.TestCases.MMT_FlightResultTest@5123a213]" name="SelectFlightAndValidateTotal" duration-ms="10471" started-at="2019-04-28T14:51:41Z" data-provider="getdata" depends-on-methods="com.mmt.TestCases.MMT_FlightResultTest.ValidateNumberOfFlighstWithoutFilters" finished-at="2019-04-28T14:51:52Z">
          <params>
            <param index="0">
              <value>
                <![CDATA[5]]>
              </value>
            </param>
            <param index="1">
              <value>
                <![CDATA[3]]>
              </value>
            </param>
          </params>
          <reporter-output>
            <line>
              <![CDATA[Clicked on Flight number 5]]>
            </line>
            <line>
              <![CDATA[Clicked on Flight number 3]]>
            </line>
            <line>
              <![CDATA[Selected Arrival flight Name: IndiGo |6E - 2625]]>
            </line>
            <line>
              <![CDATA[Selected Arrival flight Name: Rs 6,841]]>
            </line>
            <line>
              <![CDATA[Selected Arrival flight Name: Go Air |G8 - 171Go Air |G8 - 284]]>
            </line>
            <line>
              <![CDATA[Selected Arrival flight Name: Rs 15,336]]>
            </line>
          </reporter-output>
        </test-method> <!-- SelectFlightAndValidateTotal -->
        <test-method status="PASS" signature="SelectFlightAndValidateTotal(int, int)[pri:0, instance:com.mmt.TestCases.MMT_FlightResultTest@5123a213]" name="SelectFlightAndValidateTotal" duration-ms="393" started-at="2019-04-28T14:51:52Z" data-provider="getdata" depends-on-methods="com.mmt.TestCases.MMT_FlightResultTest.ValidateNumberOfFlighstWithoutFilters" finished-at="2019-04-28T14:51:52Z">
          <params>
            <param index="0">
              <value>
                <![CDATA[2]]>
              </value>
            </param>
            <param index="1">
              <value>
                <![CDATA[3]]>
              </value>
            </param>
          </params>
          <reporter-output>
            <line>
              <![CDATA[Clicked on Flight number 2]]>
            </line>
            <line>
              <![CDATA[Clicked on Flight number 3]]>
            </line>
            <line>
              <![CDATA[Selected Arrival flight Name: IndiGo |6E - 2625]]>
            </line>
            <line>
              <![CDATA[Selected Arrival flight Name: Rs 6,841]]>
            </line>
            <line>
              <![CDATA[Selected Arrival flight Name: IndiGo |6E - 197IndiGo |6E - 565]]>
            </line>
            <line>
              <![CDATA[Selected Arrival flight Name: Rs 14,214]]>
            </line>
          </reporter-output>
        </test-method> <!-- SelectFlightAndValidateTotal -->
        <test-method status="SKIP" signature="SelectFlightAndValidateTotal(int, int)[pri:0, instance:com.mmt.TestCases.MMT_FlightResultTest@5123a213]" name="SelectFlightAndValidateTotal" duration-ms="28" started-at="2019-04-28T14:51:52Z" data-provider="getdata" depends-on-methods="com.mmt.TestCases.MMT_FlightResultTest.ValidateNumberOfFlighstWithoutFilters" finished-at="2019-04-28T14:51:52Z">
          <params>
            <param index="0">
              <value>
                <![CDATA[300]]>
              </value>
            </param>
            <param index="1">
              <value>
                <![CDATA[4]]>
              </value>
            </param>
          </params>
          <exception class="org.testng.SkipException">
            <message>
              <![CDATA[Given 300 Index number is more than number of departure flight listed or Negative value]]>
            </message>
            <full-stacktrace>
              <![CDATA[org.testng.SkipException: Given 300 Index number is more than number of departure flight listed or Negative value
	at com.mmt.Pages.MMT_FlightResult.SelectDepartureFlight(MMT_FlightResult.java:140)
	at com.mmt.TestCases.MMT_FlightResultTest.SelectFlightAndValidateTotal(MMT_FlightResultTest.java:77)
	at sun.reflect.NativeMethodAccessorImpl.invoke0(Native Method)
	at sun.reflect.NativeMethodAccessorImpl.invoke(NativeMethodAccessorImpl.java:62)
	at sun.reflect.DelegatingMethodAccessorImpl.invoke(DelegatingMethodAccessorImpl.java:43)
	at java.lang.reflect.Method.invoke(Method.java:498)
	at org.testng.internal.MethodInvocationHelper.invokeMethod(MethodInvocationHelper.java:80)
	at org.testng.internal.Invoker.invokeMethod(Invoker.java:714)
	at org.testng.internal.Invoker.invokeTestMethod(Invoker.java:901)
	at org.testng.internal.Invoker.invokeTestMethods(Invoker.java:1231)
	at org.testng.internal.TestMethodWorker.invokeTestMethods(TestMethodWorker.java:127)
	at org.testng.internal.TestMethodWorker.run(TestMethodWorker.java:111)
	at org.testng.TestRunner.privateRun(TestRunner.java:767)
	at org.testng.TestRunner.run(TestRunner.java:617)
	at org.testng.SuiteRunner.runTest(SuiteRunner.java:334)
	at org.testng.SuiteRunner.runSequentially(SuiteRunner.java:329)
	at org.testng.SuiteRunner.privateRun(SuiteRunner.java:291)
	at org.testng.SuiteRunner.run(SuiteRunner.java:240)
	at org.testng.SuiteRunnerWorker.runSuite(SuiteRunnerWorker.java:52)
	at org.testng.SuiteRunnerWorker.run(SuiteRunnerWorker.java:86)
	at org.testng.TestNG.runSuitesSequentially(TestNG.java:1198)
	at org.testng.TestNG.runSuitesLocally(TestNG.java:1123)
	at org.testng.TestNG.run(TestNG.java:1031)
	at org.testng.remote.AbstractRemoteTestNG.run(AbstractRemoteTestNG.java:126)
	at org.testng.remote.RemoteTestNG.initAndRun(RemoteTestNG.java:152)
	at org.testng.remote.RemoteTestNG.main(RemoteTestNG.java:57)
]]>
            </full-stacktrace>
          </exception> <!-- org.testng.SkipException -->
          <reporter-output>
          </reporter-output>
        </test-method> <!-- SelectFlightAndValidateTotal -->
      </class> <!-- com.mmt.TestCases.MMT_FlightResultTest -->
    </test> <!-- NaveenAutomation_24thApril -->
  </suite> <!-- Suite -->
</testng-results>
