<?xml version="1.0" encoding="UTF-8"?>
<!-- Generated by org.testng.reporters.JUnitXMLReporter -->
<testsuite hostname="M290012VYJHC8" name="NaveenAutomation_24thApril" tests="13" failures="0" timestamp="27 Apr 2019 18:34:05 GMT" time="180.311" errors="0">
  <testcase name="ValidateHomePage" time="0.019" classname="com.mmt.TestCases.MMT_HomePageTests"/>
  <testcase name="SearchFlight" time="10.419" classname="com.mmt.TestCases.MMT_HomePageTests"/>
  <testcase name="ValidateNumberOfFlighstWithoutFilters" time="10.914" classname="com.mmt.TestCases.MMT_FlightResultTest"/>
  <testcase name="ValidateNumberOfFlightWith_NonStop" time="20.723" classname="com.mmt.TestCases.MMT_FlightResultTest"/>
  <testcase name="ValidateNumberOfFlightWith_OneStop" time="51.484" classname="com.mmt.TestCases.MMT_FlightResultTest"/>
  <testcase name="SelectFlightAndValidateTotal" time="10.558" classname="com.mmt.TestCases.MMT_FlightResultTest"/>
  <testcase name="SelectFlightAndValidateTotal" time="10.49" classname="com.mmt.TestCases.MMT_FlightResultTest"/>
  <testcase name="SelectFlightAndValidateTotal" time="10.594" classname="com.mmt.TestCases.MMT_FlightResultTest"/>
  <testcase name="SelectFlightAndValidateTotal" time="10.507" classname="com.mmt.TestCases.MMT_FlightResultTest"/>
  <testcase name="SelectFlightAndValidateTotal" time="0.516" classname="com.mmt.TestCases.MMT_FlightResultTest"/>
  <testcase name="SelectFlightAndValidateTotal" time="10.497" classname="com.mmt.TestCases.MMT_FlightResultTest"/>
  <testcase name="SelectFlightAndValidateTotal" time="10.468" classname="com.mmt.TestCases.MMT_FlightResultTest"/>
  <testcase name="SelectFlightAndValidateTotal" time="10.617" classname="com.mmt.TestCases.MMT_FlightResultTest"/>
</testsuite> <!-- NaveenAutomation_24thApril -->
