<?xml version="1.0" encoding="UTF-8"?>
<!-- Generated by org.testng.reporters.JUnitXMLReporter -->
<testsuite hostname="M290012VYJHC8" name="Test" tests="13" failures="0" timestamp="27 Apr 2019 09:50:07 GMT" time="153.962" errors="0">
  <testcase name="ValidateHomePage" time="0.012" classname="com.mmt.TestCases.MMT_HomePageTests"/>
  <testcase name="SearchFlight" time="9.713" classname="com.mmt.TestCases.MMT_HomePageTests"/>
  <testcase name="ValidateNumberOfFlighstWithoutFilters" time="10.465" classname="com.mmt.TestCases.MMT_FlightResultTest"/>
  <testcase name="ValidateNumberofFlightWith_NonStop" time="20.627" classname="com.mmt.TestCases.MMT_FlightResultTest"/>
  <testcase name="ValidateNumberofFlightWith_OneStop" time="51.367" classname="com.mmt.TestCases.MMT_FlightResultTest"/>
  <testcase name="SelectFlightAndValidateTotal" time="10.509" classname="com.mmt.TestCases.MMT_FlightResultTest"/>
  <testcase name="SelectFlightAndValidateTotal" time="10.44" classname="com.mmt.TestCases.MMT_FlightResultTest"/>
  <testcase name="SelectFlightAndValidateTotal" time="10.45" classname="com.mmt.TestCases.MMT_FlightResultTest"/>
  <testcase name="SelectFlightAndValidateTotal" time="0.457" classname="com.mmt.TestCases.MMT_FlightResultTest"/>
  <testcase name="SelectFlightAndValidateTotal" time="0.451" classname="com.mmt.TestCases.MMT_FlightResultTest"/>
  <testcase name="SelectFlightAndValidateTotal" time="10.429" classname="com.mmt.TestCases.MMT_FlightResultTest"/>
  <testcase name="SelectFlightAndValidateTotal" time="0.424" classname="com.mmt.TestCases.MMT_FlightResultTest"/>
  <testcase name="SelectFlightAndValidateTotal" time="10.428" classname="com.mmt.TestCases.MMT_FlightResultTest"/>
</testsuite> <!-- Test -->
